{"id": 4879, "title": "Ticket #4879: fix unit test failure in V8_2-branch for python-bindings classad test", "description": "<blockquote>\nThe stable series has the following error in the Batlab for its unit tests.\n\n<p></p><pre>  File \"tests/classad_tests.py\", line 82, in test_list_conversion\n    classad.register(listAdd)\nAttributeError: 'module' object has no attribute 'register'\n</pre>\n\n<p></p><hr/>\nRan 28 tests in 0.012s\n\n<p>FAILED (errors=1)\n\n</p><p></p><pre>    Start 8: python_htcondor_test\n8/8 Test #8: python_htcondor_test ...................   Passed    0.08 sec\n</pre>\n\n<p>88% tests passed, 1 tests failed out of 8\n\n</p><p>Total Test time (real) =   7.03 sec\n\n</p><p>The following tests FAILED:\n\t  7 - python_classad_test (Failed)\nErrors while running CTest\nCompleted task remote_task.run_unit_tests: FAILURE (Exit status: '2048')</p></blockquote>", "remarks": "<blockquote>\nAssigning to TJ for code review.\n\n<p></p><hr/>\n<em>2015-Apr-06 13:28:37 by tim:</em> <br/>\n\n<strong>CODE REVIEW:</strong> Looks good for the stable release</blockquote>", "derived_tickets": "", "attachments": "<html><head></head><body></body></html>", "check_ins": "<table border=\"0\" cellpadding=\"0\" cellspacing=\"0\">\n<tbody><tr><td align=\"right\" valign=\"top\" width=\"160\">2015-Feb-13 10:08</td>\n<td align=\"center\" valign=\"top\" width=\"30\">\n<span class=\"icon dot\">\u00a0</span></td>\n<td align=\"left\" valign=\"top\"> \nCheck-in <span class=\"chng\"><a href=\"https://github.com/htcondor/htcondor/commit/c938c7a3f94335574f7868d0f6fd4cad2db709ac\">[43354]</a></span>: Revert \"Fixing bad unit test for <span class=\"ticket\"><a class=\"resolved\" href=\"/wiki-archive/tickets/?ticket=4879\" onclick=\"get_ticket_and_populate_wrapper('4879'); return false;\" title=\"fix unit test failure in V8_2-branch for python-bindings classad test\">#4879</a></span> issue. Python script unitest was calling non existing code.\" This reverts commit 58ec22fe03fd898827763f166dee0df5fdb69f57 on the master branch. This unit test is not functional without this code.  (By Tim Theisen )</td></tr>\n<tr><td align=\"right\" valign=\"top\" width=\"160\">2015-Feb-11 10:04</td>\n<td align=\"center\" valign=\"top\" width=\"30\">\n<span class=\"icon dot\">\u00a0</span></td>\n<td align=\"left\" valign=\"top\"> \nCheck-in <span class=\"chng\"><a href=\"https://github.com/htcondor/htcondor/commit/58ec22fe03fd898827763f166dee0df5fdb69f57\">[43325]</a></span>: Fixing bad unit test for <span class=\"ticket\"><a class=\"resolved\" href=\"/wiki-archive/tickets/?ticket=4879\" onclick=\"get_ticket_and_populate_wrapper('4879'); return false;\" title=\"fix unit test failure in V8_2-branch for python-bindings classad test\">#4879</a></span> issue. Python script unitest was calling non existing code.  (By Ivan Calderon )</td></tr>\n</tbody></table>", "type": "defect", "last_change": "2015-Apr-06 13:28", "status": "resolved", "created": "2015-Feb-11 10:03", "fixed_version": "2015-Feb-11 10:03", "broken_version": "v080200", "priority": "1", "subsystem": "Tests", "assigned_to": "calderon", "derived_from": "", "creator": "calderon", "rust": "", "customer_group": "other", "visibility": "public", "notify": "", "due_date": ""}